[1591519975.192][2020-06-07 15:52:55][itsg5-pc][3908][IJS][debug][2][IJS v1.0 Starting Up][{"pid":3908,"ppid":6332,"node":"v12.17.0","arch":"x64","platform":"win32","argv":["C:\\Program Files\\nodejs\\node.exe","D:\\code\\ijs-parse-server\\test"],"execArgv":[]}]
[1591519975.205][2020-06-07 15:52:55][itsg5-pc][3908][IJS][debug][2][Server IP: 192.168.1.51, Daemon PID: 3908][]
[1591519975.206][2020-06-07 15:52:55][itsg5-pc][3908][IJS][debug][3][Starting component: IJSParseServer][]
[1591519975.285][2020-06-07 15:52:55][itsg5-pc][3908][IJS][debug][2][Startup complete, entering main loop][]
[1591520001.851][2020-06-07 15:53:21][itsg5-pc][7744][IJS][debug][2][IJS v1.0 Starting Up][{"pid":7744,"ppid":6332,"node":"v12.17.0","arch":"x64","platform":"win32","argv":["C:\\Program Files\\nodejs\\node.exe","D:\\code\\ijs-parse-server\\test"],"execArgv":[]}]
[1591520001.855][2020-06-07 15:53:21][itsg5-pc][7744][IJS][debug][1][WARNING: An old PID File was found: logs/ijs2.pid: 3908][]
[1591520001.856][2020-06-07 15:53:21][itsg5-pc][7744][IJS][debug][2][Old process 3908 is apparently dead, so the PID file will be replaced: logs/ijs2.pid][]
[1591520001.863][2020-06-07 15:53:21][itsg5-pc][7744][IJS][debug][2][Server IP: 192.168.1.51, Daemon PID: 7744][]
[1591520001.864][2020-06-07 15:53:21][itsg5-pc][7744][IJS][debug][3][Starting component: IJSParseServer][]
[1591520001.939][2020-06-07 15:53:21][itsg5-pc][7744][IJS][debug][2][Startup complete, entering main loop][]
[1591520001.948][2020-06-07 15:53:21][itsg5-pc][7744][IJS][debug][3][Server started!][]
[1591520039.592][2020-06-07 15:53:59][itsg5-pc][7744][IJS][debug][2][Caught SIGINT][]
[1591520039.593][2020-06-07 15:53:59][itsg5-pc][7744][IJS][debug][2][Shutting down][]
[1591520039.598][2020-06-07 15:53:59][itsg5-pc][7744][IJS][debug][3][Stopping component: IJSParseServer][]
[1591520039.599][2020-06-07 15:53:59][itsg5-pc][7744][IJS][debug][2][Shutdown complete, exiting][]
[1591520042.213][2020-06-07 15:54:02][itsg5-pc][7744][IJS][debug][2][Caught SIGINT][]
[1591520042.214][2020-06-07 15:54:02][itsg5-pc][7744][IJS][debug][2][Shutting down][]
[1591520042.215][2020-06-07 15:54:02][itsg5-pc][7744][IJS][debug][1][EMERGENCY: Shutting down immediately][]
[1591520099.098][2020-06-07 15:54:59][itsg5-pc][6732][IJS][debug][2][IJS v1.0 Starting Up][{"pid":6732,"ppid":6332,"node":"v12.17.0","arch":"x64","platform":"win32","argv":["C:\\Program Files\\nodejs\\node.exe","D:\\code\\ijs-parse-server\\test"],"execArgv":[]}]
[1591520099.119][2020-06-07 15:54:59][itsg5-pc][6732][IJS][debug][2][Server IP: 192.168.1.51, Daemon PID: 6732][]
[1591520099.128][2020-06-07 15:54:59][itsg5-pc][6732][IJS][debug][3][Starting component: IJSParseServer][]
[1591520099.211][2020-06-07 15:54:59][itsg5-pc][6732][IJS][debug][2][Startup complete, entering main loop][]
[1591520099.23][2020-06-07 15:54:59][itsg5-pc][6732][IJS][debug][3][Server started!][]
[1591520114.578][2020-06-07 15:55:14][itsg5-pc][6732][IJS][debug][2][Caught SIGINT][]
[1591520114.585][2020-06-07 15:55:14][itsg5-pc][6732][IJS][debug][2][Shutting down][]
[1591520114.593][2020-06-07 15:55:14][itsg5-pc][6732][IJS][debug][3][Stopping component: IJSParseServer][]
[1591520114.6][2020-06-07 15:55:14][itsg5-pc][6732][IJS][debug][2][Shutdown complete, exiting][]
[1591520115.699][2020-06-07 15:55:15][itsg5-pc][6732][IJS][debug][2][Caught SIGINT][]
[1591520115.706][2020-06-07 15:55:15][itsg5-pc][6732][IJS][debug][2][Shutting down][]
[1591520115.714][2020-06-07 15:55:15][itsg5-pc][6732][IJS][debug][1][EMERGENCY: Shutting down immediately][]
